<?xml version="1.0" encoding="UTF-8"?>
<!-- Generated by org.testng.reporters.JUnitReportReporter -->
<testsuite skipped="0" hostname="PAKU-BLR-01" name="ScrollByPixel" tests="1" failures="0" timestamp="21 Apr 2019 17:08:19 GMT" time="13.666" errors="0">
  <testcase name="ByPixel" time="13.666" classname="ScrollByPixel"/>
</testsuite> <!-- ScrollByPixel -->
