<?xml version="1.0" encoding="UTF-8"?>
<!-- Generated by org.testng.reporters.JUnitReportReporter -->
<testsuite skipped="0" hostname="PAKU-BLR-01" name="MultipleWindow" tests="1" failures="0" timestamp="21 Apr 2019 18:38:51 GMT" time="20.452" errors="0">
  <testcase name="testMultipleWindows" time="20.452" classname="MultipleWindow"/>
</testsuite> <!-- MultipleWindow -->
