<?xml version="1.0" encoding="UTF-8"?>
<!-- Generated by org.testng.reporters.JUnitReportReporter -->
<testsuite skipped="0" hostname="PAKU-BLR-01" name="ScrollByPage" tests="1" failures="0" timestamp="21 Apr 2019 16:49:14 GMT" time="15.304" errors="0">
  <testcase name="ByPage" time="15.304" classname="ScrollByPage"/>
</testsuite> <!-- ScrollByPage -->
