<?xml version="1.0" encoding="UTF-8"?>
<!-- Generated by org.testng.reporters.JUnitReportReporter -->
<testsuite skipped="0" hostname="PAKU-BLR-01" name="HorizontalScroll" tests="1" failures="0" timestamp="21 Apr 2019 16:51:32 GMT" time="12.386" errors="0">
  <testcase name="ScrollHorizontally" time="12.386" classname="HorizontalScroll"/>
</testsuite> <!-- HorizontalScroll -->
