<?xml version="1.0" encoding="UTF-8"?>
<!-- Generated by org.testng.reporters.JUnitReportReporter -->
<testsuite skipped="0" hostname="PAKU-BLR-01" name="CheckElementIsDisplayed" tests="1" failures="0" timestamp="28 Aug 2017 07:42:05 GMT" time="12.301" errors="0">
  <testcase name="login" time="12.301" classname="CheckElementIsDisplayed"/>
</testsuite> <!-- CheckElementIsDisplayed -->
