<?xml version="1.0" encoding="UTF-8"?>
<!-- Generated by org.testng.reporters.JUnitReportReporter -->
<testsuite skipped="0" hostname="PAKU-BLR-01" name="TestNgProgram1" tests="2" failures="0" timestamp="2020-02-05T16:41:25 IST" time="0.007" errors="0">
  <testcase name="logotest" time="0.001" classname="TestNgProgram1"/>
  <testcase name="captureScreen" time="0.006" classname="TestNgProgram1"/>
</testsuite> <!-- TestNgProgram1 -->
