<?xml version="1.0" encoding="UTF-8"?>
<!-- Generated by org.testng.reporters.JUnitReportReporter -->
<testsuite name="TestNgPractice.GoogleTest" tests="1" time="5.869" ignored="0" failures="0" timestamp="03 Mar 2020 19:15:00 GMT" skipped="0" hostname="PAKU-BLR-01" errors="0">
  <testcase name="setup" time="5.869" classname="TestNgPractice.GoogleTest"/>
</testsuite> <!-- TestNgPractice.GoogleTest -->
