<?xml version="1.0" encoding="UTF-8"?>
<!-- Generated by org.testng.reporters.JUnitReportReporter -->
<testsuite skipped="0" hostname="PAKU-BLR-01" name="TestNGTutorial.firstTestng" tests="3" failures="0" timestamp="11 Aug 2017 14:21:18 GMT" time="0.017" errors="0">
  <testcase name="login" time="0.001" classname="TestNGTutorial.firstTestng"/>
  <testcase name="setup" time="0.002" classname="TestNGTutorial.firstTestng"/>
  <testcase name="closing" time="0.014" classname="TestNGTutorial.firstTestng"/>
</testsuite> <!-- TestNGTutorial.firstTestng -->
