<?xml version="1.0" encoding="UTF-8"?>
<!-- Generated by org.testng.reporters.JUnitReportReporter -->
<testsuite skipped="0" hostname="PAKU-BLR-01" name="TestNGTutorial.firstTestng2WithPriority" tests="3" failures="0" timestamp="11 Aug 2017 16:50:46 GMT" time="0.035" errors="0">
  <testcase name="closing" time="0.032" classname="TestNGTutorial.firstTestng2WithPriority"/>
  <testcase name="login" time="0.002" classname="TestNGTutorial.firstTestng2WithPriority"/>
  <testcase name="setup" time="0.001" classname="TestNGTutorial.firstTestng2WithPriority"/>
</testsuite> <!-- TestNGTutorial.firstTestng2WithPriority -->
