<?xml version="1.0" encoding="UTF-8"?>
<!-- Generated by org.testng.reporters.JUnitReportReporter -->
<testsuite skipped="0" hostname="PAKU-BLR-01" name="TestNGTutorial.Description" tests="3" failures="0" timestamp="11 Aug 2017 14:30:14 GMT" time="0.014" errors="0">
  <testcase name="login" time="0.010" classname="TestNGTutorial.Description"/>
  <testcase name="setup" time="0.003" classname="TestNGTutorial.Description"/>
  <testcase name="closing" time="0.001" classname="TestNGTutorial.Description"/>
</testsuite> <!-- TestNGTutorial.Description -->
