<?xml version="1.0" encoding="UTF-8"?>
<!-- Generated by org.testng.reporters.JUnitReportReporter -->
<testsuite skipped="0" hostname="PAKU-BLR-01" name="TestNGTutorial.firstTestng2" tests="3" failures="0" timestamp="11 Aug 2017 14:24:08 GMT" time="0.015" errors="0">
  <testcase name="login" time="0.012" classname="TestNGTutorial.firstTestng2"/>
  <testcase name="setup" time="0.002" classname="TestNGTutorial.firstTestng2"/>
  <testcase name="closing" time="0.001" classname="TestNGTutorial.firstTestng2"/>
</testsuite> <!-- TestNGTutorial.firstTestng2 -->
