<?xml version="1.0" encoding="UTF-8"?>
<!-- Generated by org.testng.reporters.JUnitReportReporter -->
<testsuite skipped="0" hostname="PAKU-BLR-01" name="Demojenkins.DemoJenkinsJob" tests="1" failures="0" timestamp="07 Mar 2019 17:57:50 GMT" time="0.015" errors="0">
  <testcase name="testJenkins" time="0.015" classname="Demojenkins.DemoJenkinsJob"/>
</testsuite> <!-- Demojenkins.DemoJenkinsJob -->
