<?xml version="1.0" encoding="UTF-8"?>
<!-- Generated by org.testng.reporters.JUnitReportReporter -->
<testsuite hostname="PAKU-BLR-01" name="com.qa.Tests.GetAPITest" tests="1" failures="0" timestamp="14 Mar 2019 18:55:54 GMT" time="1.505" errors="0">
  <testcase name="getTest" time="1.505" classname="com.qa.Tests.GetAPITest"/>
</testsuite> <!-- com.qa.Tests.GetAPITest -->
