<?xml version="1.0" encoding="UTF-8"?>
<!-- Generated by org.testng.reporters.JUnitReportReporter -->
<testsuite hostname="PAKU-BLR-01" name="com.qa.Tests.GetAPITest" tests="1" failures="0" timestamp="3 Mar 2020 18:37:52 GMT" time="1.544" errors="0">
  <testcase name="getTest" time="1.544" classname="com.qa.Tests.GetAPITest"/>
</testsuite> <!-- com.qa.Tests.GetAPITest -->
