<?xml version="1.0" encoding="UTF-8"?>
<!-- Generated by org.testng.reporters.JUnitReportReporter -->
<testsuite skipped="0" hostname="PAKU-BLR-01" name="TestNgBasics.InvocationCountTest" tests="10" failures="0" timestamp="05 Feb 2020 16:44:36 GMT" time="0.021" errors="0">
  <testcase name="sum" time="0.000" classname="TestNgBasics.InvocationCountTest"/>
  <testcase name="sum" time="0.000" classname="TestNgBasics.InvocationCountTest"/>
  <testcase name="sum" time="0.000" classname="TestNgBasics.InvocationCountTest"/>
  <testcase name="sum" time="0.000" classname="TestNgBasics.InvocationCountTest"/>
  <testcase name="sum" time="0.000" classname="TestNgBasics.InvocationCountTest"/>
  <testcase name="sum" time="0.000" classname="TestNgBasics.InvocationCountTest"/>
  <testcase name="sum" time="0.021" classname="TestNgBasics.InvocationCountTest"/>
  <testcase name="sum" time="0.000" classname="TestNgBasics.InvocationCountTest"/>
  <testcase name="sum" time="0.000" classname="TestNgBasics.InvocationCountTest"/>
  <testcase name="sum" time="0.000" classname="TestNgBasics.InvocationCountTest"/>
</testsuite> <!-- TestNgBasics.InvocationCountTest -->
